<?xml version="1.0" encoding="UTF-8"?>
<!-- Generated by org.testng.reporters.JUnitReportReporter -->
<testsuite hostname="LAPTOP-5HR08PHQ" failures="0" tests="2" name="pack01.LogoutTest" time="0.008" errors="0" timestamp="2021-07-07T21:15:19 HAE" skipped="0">
  <testcase classname="pack01.LogoutTest" name="logoutEmployee" time="0.001"/>
  <system-out/>
  <testcase classname="pack01.LogoutTest" name="logoutAdmin" time="0.007"/>
  <system-out/>
</testsuite> <!-- pack01.LogoutTest -->
