<?xml version="1.0" encoding="UTF-8"?>
<!-- Generated by org.testng.reporters.JUnitReportReporter -->
<testsuite hostname="LAPTOP-5HR08PHQ" failures="0" tests="3" name="pack01.DataDrivenTest" time="0.025" errors="0" timestamp="2021-07-07T21:48:37 HAE" skipped="0">
  <testcase classname="pack01.DataDrivenTest" name="testLogin" time="0.019"/>
  <system-out/>
  <testcase classname="pack01.DataDrivenTest" name="testLogin" time="0.004"/>
  <system-out/>
  <testcase classname="pack01.DataDrivenTest" name="testLogin" time="0.002"/>
  <system-out/>
</testsuite> <!-- pack01.DataDrivenTest -->
