<?xml version="1.0" encoding="UTF-8"?>
<!-- Generated by org.testng.reporters.JUnitReportReporter -->
<testsuite hostname="LAPTOP-5HR08PHQ" failures="0" tests="1" name="LoginTest" time="0.006" errors="0" timestamp="2021-07-07T19:32:42 HAE" skipped="0">
  <testcase classname="LoginTest" name="loginAdmin" time="0.006"/>
  <system-out/>
</testsuite> <!-- LoginTest -->
