<?xml version="1.0" encoding="UTF-8"?>
<!-- Generated by org.testng.reporters.JUnitReportReporter -->
<testsuite hostname="LAPTOP-5HR08PHQ" failures="0" tests="3" name="pack01.LoginTest" time="0.001" errors="0" timestamp="2021-07-07T21:14:02 HAE" skipped="0">
  <testcase classname="pack01.LoginTest" name="loginAdmin" time="0.001"/>
  <system-out/>
  <testcase classname="pack01.LoginTest" name="loginEmployee" time="0.000"/>
  <system-out/>
  <testcase classname="pack01.LoginTest" name="loginGuest" time="0.000"/>
  <system-out/>
</testsuite> <!-- pack01.LoginTest -->
