<?xml version="1.0" encoding="UTF-8"?>
<!-- Generated by org.testng.reporters.JUnitReportReporter -->
<testsuite hostname="LAPTOP-5HR08PHQ" failures="0" tests="2" name="pack01.RegisterTest" time="0.002" errors="0" timestamp="2021-07-07T21:15:19 HAE" skipped="0">
  <testcase classname="pack01.RegisterTest" name="registerAdmin" time="0.001"/>
  <system-out/>
  <testcase classname="pack01.RegisterTest" name="registerEmployee" time="0.001"/>
  <system-out/>
</testsuite> <!-- pack01.RegisterTest -->
