<?xml version="1.0" encoding="UTF-8"?>
<!-- Generated by org.testng.reporters.JUnitReportReporter -->
<testsuite hostname="LAPTOP-5HR08PHQ" failures="0" tests="3" name="LogoutTest" time="0.001" errors="0" timestamp="2021-07-07T19:37:13 HAE" skipped="0">
  <testcase classname="LogoutTest" name="logoutGuest" time="0.001"/>
  <system-out/>
  <testcase classname="LogoutTest" name="logoutEmployee" time="0.000"/>
  <system-out/>
  <testcase classname="LogoutTest" name="logoutAdmin" time="0.000"/>
  <system-out/>
</testsuite> <!-- LogoutTest -->
