<?xml version="1.0" encoding="UTF-8"?>
<!-- Generated by org.testng.reporters.JUnitReportReporter -->
<testsuite hostname="LAPTOP-5HR08PHQ" failures="0" tests="3" name="LoginTest" time="0.002" errors="0" timestamp="2021-07-07T19:37:13 HAE" skipped="0">
  <testcase classname="LoginTest" name="loginAdmin" time="0.002"/>
  <system-out/>
  <testcase classname="LoginTest" name="loginGuest" time="0.000"/>
  <system-out/>
  <testcase classname="LoginTest" name="loginEmployee" time="0.000"/>
  <system-out/>
</testsuite> <!-- LoginTest -->
