<?xml version="1.0" encoding="UTF-8"?>
<!-- Generated by org.testng.reporters.JUnitReportReporter -->
<testsuite hostname="LAPTOP-5HR08PHQ" failures="0" tests="3" name="RegisterTest" time="0.000" errors="0" timestamp="2021-07-07T19:37:13 HAE" skipped="0">
  <testcase classname="RegisterTest" name="registerGuest" time="0.000"/>
  <system-out/>
  <testcase classname="RegisterTest" name="registerEmployee" time="0.000"/>
  <system-out/>
  <testcase classname="RegisterTest" name="registerAdmin" time="0.000"/>
  <system-out/>
</testsuite> <!-- RegisterTest -->
